0 info it worked if it ends with ok
1 verbose cli [ '/usr/local/Cellar/node/6.6.0/bin/node',
1 verbose cli   '/Users/silvanagoberdhan-vigle/.node/bin/npm',
1 verbose cli   'start' ]
2 info using npm@3.10.6
3 info using node@v6.6.0
4 verbose run-script [ 'prestart', 'start', 'poststart' ]
5 info lifecycle node-postgres-promises@0.0.0~prestart: node-postgres-promises@0.0.0
6 silly lifecycle node-postgres-promises@0.0.0~prestart: no script for prestart, continuing
7 info lifecycle node-postgres-promises@0.0.0~start: node-postgres-promises@0.0.0
8 verbose lifecycle node-postgres-promises@0.0.0~start: unsafe-perm in lifecycle true
9 verbose lifecycle node-postgres-promises@0.0.0~start: PATH: /Users/silvanagoberdhan-vigle/.node/lib/node_modules/npm/bin/node-gyp-bin:/Users/silvanagoberdhan-vigle/Desktop/node-postgres-promises/node_modules/.bin:/usr/local/Cellar/node/6.6.0/bin:/Users/silvanagoberdhan-vigle/.rvm/gems/ruby-2.2.3/bin:/Users/silvanagoberdhan-vigle/.rvm/gems/ruby-2.2.3@global/bin:/Users/silvanagoberdhan-vigle/.rvm/rubies/ruby-2.2.3/bin:/Applications/Postgres.app/Contents/Versions/9.4/bin:/usr/local:/usr/local/bin:/usr/local/sbin:/usr/bin:/Users/silvanagoberdhan-vigle/.node/bin:/usr/local/bin:/usr/bin:/bin:/usr/sbin:/sbin:/usr/local/git/bin:/Users/silvanagoberdhan-vigle/.rvm/bin
10 verbose lifecycle node-postgres-promises@0.0.0~start: CWD: /Users/silvanagoberdhan-vigle/Desktop/node-postgres-promises
11 silly lifecycle node-postgres-promises@0.0.0~start: Args: [ '-c', 'node ./bin/www' ]
12 silly lifecycle node-postgres-promises@0.0.0~start: Returned: code: 1  signal: null
13 info lifecycle node-postgres-promises@0.0.0~start: Failed to exec start script
14 verbose stack Error: node-postgres-promises@0.0.0 start: `node ./bin/www`
14 verbose stack Exit status 1
14 verbose stack     at EventEmitter.<anonymous> (/Users/silvanagoberdhan-vigle/.node/lib/node_modules/npm/lib/utils/lifecycle.js:255:16)
14 verbose stack     at emitTwo (events.js:106:13)
14 verbose stack     at EventEmitter.emit (events.js:191:7)
14 verbose stack     at ChildProcess.<anonymous> (/Users/silvanagoberdhan-vigle/.node/lib/node_modules/npm/lib/utils/spawn.js:40:14)
14 verbose stack     at emitTwo (events.js:106:13)
14 verbose stack     at ChildProcess.emit (events.js:191:7)
14 verbose stack     at maybeClose (internal/child_process.js:877:16)
14 verbose stack     at Process.ChildProcess._handle.onexit (internal/child_process.js:226:5)
15 verbose pkgid node-postgres-promises@0.0.0
16 verbose cwd /Users/silvanagoberdhan-vigle/Desktop/node-postgres-promises
17 error Darwin 15.2.0
18 error argv "/usr/local/Cellar/node/6.6.0/bin/node" "/Users/silvanagoberdhan-vigle/.node/bin/npm" "start"
19 error node v6.6.0
20 error npm  v3.10.6
21 error code ELIFECYCLE
22 error node-postgres-promises@0.0.0 start: `node ./bin/www`
22 error Exit status 1
23 error Failed at the node-postgres-promises@0.0.0 start script 'node ./bin/www'.
23 error Make sure you have the latest version of node.js and npm installed.
23 error If you do, this is most likely a problem with the node-postgres-promises package,
23 error not with npm itself.
23 error Tell the author that this fails on your system:
23 error     node ./bin/www
23 error You can get information on how to open an issue for this project with:
23 error     npm bugs node-postgres-promises
23 error Or if that isn't available, you can get their info via:
23 error     npm owner ls node-postgres-promises
23 error There is likely additional logging output above.
24 verbose exit [ 1, true ]
